Build started 23-06-2011 23:47:53.
     1>Project "D:\OJP\Enhanced\source\cgame\JK2_cgame.vcxproj" on node 3 (build target(s)).
     1>InitializeBuildStatus:
         Touching ".\../Debug/JK2cgame\JK2cgame.unsuccessfulbuild".
       ClCompile:
         C:\Program Files\Microsoft Visual Studio 10.0\VC\bin\CL.exe /c /I.. /I./../game /I../Squirrel/include /I../Squirrel/sqplus /ZI /nologo /W4 /WX- /Od /Oy- /D _DEBUG /D WIN32 /D VS2005 /D _WINDOWS /D MISSIONPACK /D CGAME /D _JK2 /D _VC80_UPGRADE=0x0710 /D _WINDLL /Gm- /EHsc /RTC1 /MTd /GS /fp:precise /Zc:wchar_t /Zc:forScope /Fo".\../Debug/JK2cgame/" /Fd".\../Debug/JK2cgame/vc100.pdb" /FR".\../Debug/JK2cgame\\" /Gd /TP /analyze- /errorReport:prompt ..\ui\ui_shared.cpp
         ui_shared.cpp
     1>d:\ojp\enhanced\source\ui\ui_shared.cpp(7081): warning C4800: 'qboolean' : forcing value to bool 'true' or 'false' (performance warning)
     1>d:\ojp\enhanced\source\ui\ui_shared.cpp(7179): warning C4800: 'qboolean' : forcing value to bool 'true' or 'false' (performance warning)
       ManifestResourceCompile:
         All outputs are up-to-date.
     1>C:\Program Files\MSBuild\Microsoft.Cpp\v4.0\Microsoft.CppBuild.targets(990,5): warning MSB8012: TargetPath(D:\OJP\Enhanced\source\cgame\.\../Debug/JK2cgame\JK2cgame.dll) does not match the Linker's OutputFile property value (D:\OJP\Enhanced\jke\cgamex86.dll). This may cause your project to build incorrectly. To correct this, please make sure that $(OutDir), $(TargetName) and $(TargetExt) property values match the value specified in %(Link.OutputFile).
     1>C:\Program Files\MSBuild\Microsoft.Cpp\v4.0\Microsoft.CppBuild.targets(992,5): warning MSB8012: TargetName(JK2cgame) does not match the Linker's OutputFile property value (cgamex86). This may cause your project to build incorrectly. To correct this, please make sure that $(OutDir), $(TargetName) and $(TargetExt) property values match the value specified in %(Link.OutputFile).
       Link:
         C:\Program Files\Microsoft Visual Studio 10.0\VC\bin\link.exe /ERRORREPORT:PROMPT /OUT:"..\..\jke\cgamex86.dll" /INCREMENTAL /NOLOGO /LIBPATH:../Squirrel/lib odbc32.lib odbccp32.lib kernel32.lib user32.lib gdi32.lib winspool.lib comdlg32.lib advapi32.lib shell32.lib ole32.lib oleaut32.lib uuid.lib odbc32.lib odbccp32.lib /DEF:".\JK2_cgame.def" /MANIFEST /ManifestFile:".\../Debug/JK2cgame\JK2cgame.dll.intermediate.manifest" /MANIFESTUAC:"level='asInvoker' uiAccess='false'" /DEBUG /PDB:".\../Debug/cgamex86.pdb" /MAP:".\../Debug/cgamex86.map" /SUBSYSTEM:WINDOWS /TLBID:1 /BASE:"0x30000000" /DYNAMICBASE:NO /IMPLIB:".\../Debug/cgamex86.lib" /MACHINE:X86 /DLL .\../Debug/JK2cgame\JK2cgame.dll.embed.manifest.res
         .\../Debug/JK2cgame/AnimalNPC.obj
         .\../Debug/JK2cgame/bg_g2_utils.obj
         .\../Debug/JK2cgame/bg_misc.obj
         .\../Debug/JK2cgame/bg_panimate.obj
         .\../Debug/JK2cgame/bg_pmove.obj
         .\../Debug/JK2cgame/bg_saber.obj
         .\../Debug/JK2cgame/bg_saberLoad.obj
         .\../Debug/JK2cgame/bg_saga.obj
         .\../Debug/JK2cgame/bg_slidemove.obj
         .\../Debug/JK2cgame/bg_vehicleLoad.obj
         .\../Debug/JK2cgame/bg_weapons.obj
         .\../Debug/JK2cgame/StackPanel.obj
         .\../Debug/JK2cgame/cg_camera.obj
         .\../Debug/JK2cgame/cg_consolecmds.obj
         .\../Debug/JK2cgame/cg_draw.obj
         .\../Debug/JK2cgame/cg_drawtools.obj
         .\../Debug/JK2cgame/cg_effects.obj
         .\../Debug/JK2cgame/cg_ents.obj
         .\../Debug/JK2cgame/cg_event.obj
         .\../Debug/JK2cgame/cg_holster.obj
         .\../Debug/JK2cgame/cg_info.obj
         .\../Debug/JK2cgame/cg_jkehud.obj
         .\../Debug/JK2cgame/cg_light.obj
         .\../Debug/JK2cgame/cg_localents.obj
         .\../Debug/JK2cgame/cg_main.obj
         .\../Debug/JK2cgame/cg_marks.obj
         .\../Debug/JK2cgame/cg_newDraw.obj
         .\../Debug/JK2cgame/cg_players.obj
         .\../Debug/JK2cgame/cg_playerstate.obj
         .\../Debug/JK2cgame/cg_predict.obj
         .\../Debug/JK2cgame/cg_saga.obj
         .\../Debug/JK2cgame/cg_scoreboard.obj
         .\../Debug/JK2cgame/cg_servercmds.obj
         .\../Debug/JK2cgame/cg_snapshot.obj
         .\../Debug/JK2cgame/cg_strap.obj
         .\../Debug/JK2cgame/cg_syscalls.obj
         .\../Debug/JK2cgame/cg_turret.obj
         .\../Debug/JK2cgame/cg_view.obj
         .\../Debug/JK2cgame/cg_weaponinit.obj
         .\../Debug/JK2cgame/cg_weapons.obj
         .\../Debug/JK2cgame/FighterNPC.obj
         .\../Debug/JK2cgame/fx_blaster.obj
         .\../Debug/JK2cgame/fx_bowcaster.obj
         .\../Debug/JK2cgame/fx_bryarpistol.obj
         .\../Debug/JK2cgame/fx_demp2.obj
         .\../Debug/JK2cgame/fx_disruptor.obj
         .\../Debug/JK2cgame/fx_flechette.obj
         .\../Debug/JK2cgame/fx_force.obj
         .\../Debug/JK2cgame/fx_heavyrepeater.obj
         .\../Debug/JK2cgame/fx_rocketlauncher.obj
         .\../Debug/JK2cgame/g_engine.obj
         .\../Debug/JK2cgame/q_math.obj
         .\../Debug/JK2cgame/q_shared.obj
         .\../Debug/JK2cgame/SpeederNPC.obj
         .\../Debug/JK2cgame/ui_shared.obj
         .\../Debug/JK2cgame/WalkerNPC.obj
         .\../Debug/JK2cgame/Squirrel.obj /MACHINE:I386 
            Creating library .\../Debug/cgamex86.lib and object .\../Debug/cgamex86.exp
     1>squirrelD.lib(sqapi.obj) : warning LNK4099: PDB 'vc90.pdb' was not found with 'squirrelD.lib(sqapi.obj)' or at 'D:\OJP\Enhanced\source\Debug\vc90.pdb'; linking object as if no debug info
     1>squirrelD.lib(sqbaselib.obj) : warning LNK4099: PDB 'vc90.pdb' was not found with 'squirrelD.lib(sqbaselib.obj)' or at 'D:\OJP\Enhanced\source\Debug\vc90.pdb'; linking object as if no debug info
     1>squirrelD.lib(sqclass.obj) : warning LNK4099: PDB 'vc90.pdb' was not found with 'squirrelD.lib(sqclass.obj)' or at 'D:\OJP\Enhanced\source\Debug\vc90.pdb'; linking object as if no debug info
     1>squirrelD.lib(sqcompiler.obj) : warning LNK4099: PDB 'vc90.pdb' was not found with 'squirrelD.lib(sqcompiler.obj)' or at 'D:\OJP\Enhanced\source\Debug\vc90.pdb'; linking object as if no debug info
     1>squirrelD.lib(sqdebug.obj) : warning LNK4099: PDB 'vc90.pdb' was not found with 'squirrelD.lib(sqdebug.obj)' or at 'D:\OJP\Enhanced\source\Debug\vc90.pdb'; linking object as if no debug info
     1>squirrelD.lib(sqfuncstate.obj) : warning LNK4099: PDB 'vc90.pdb' was not found with 'squirrelD.lib(sqfuncstate.obj)' or at 'D:\OJP\Enhanced\source\Debug\vc90.pdb'; linking object as if no debug info
     1>squirrelD.lib(sqlexer.obj) : warning LNK4099: PDB 'vc90.pdb' was not found with 'squirrelD.lib(sqlexer.obj)' or at 'D:\OJP\Enhanced\source\Debug\vc90.pdb'; linking object as if no debug info
     1>squirrelD.lib(sqmem.obj) : warning LNK4099: PDB 'vc90.pdb' was not found with 'squirrelD.lib(sqmem.obj)' or at 'D:\OJP\Enhanced\source\Debug\vc90.pdb'; linking object as if no debug info
     1>squirrelD.lib(sqobject.obj) : warning LNK4099: PDB 'vc90.pdb' was not found with 'squirrelD.lib(sqobject.obj)' or at 'D:\OJP\Enhanced\source\Debug\vc90.pdb'; linking object as if no debug info
     1>squirrelD.lib(sqstate.obj) : warning LNK4099: PDB 'vc90.pdb' was not found with 'squirrelD.lib(sqstate.obj)' or at 'D:\OJP\Enhanced\source\Debug\vc90.pdb'; linking object as if no debug info
     1>squirrelD.lib(sqtable.obj) : warning LNK4099: PDB 'vc90.pdb' was not found with 'squirrelD.lib(sqtable.obj)' or at 'D:\OJP\Enhanced\source\Debug\vc90.pdb'; linking object as if no debug info
     1>squirrelD.lib(sqvm.obj) : warning LNK4099: PDB 'vc90.pdb' was not found with 'squirrelD.lib(sqvm.obj)' or at 'D:\OJP\Enhanced\source\Debug\vc90.pdb'; linking object as if no debug info
     1>sqstdlibD.lib(sqstdaux.obj) : warning LNK4099: PDB 'vc90.pdb' was not found with 'sqstdlibD.lib(sqstdaux.obj)' or at 'D:\OJP\Enhanced\source\Debug\vc90.pdb'; linking object as if no debug info
     1>sqstdlibD.lib(sqstdblob.obj) : warning LNK4099: PDB 'vc90.pdb' was not found with 'sqstdlibD.lib(sqstdblob.obj)' or at 'D:\OJP\Enhanced\source\Debug\vc90.pdb'; linking object as if no debug info
     1>sqstdlibD.lib(sqstdio.obj) : warning LNK4099: PDB 'vc90.pdb' was not found with 'sqstdlibD.lib(sqstdio.obj)' or at 'D:\OJP\Enhanced\source\Debug\vc90.pdb'; linking object as if no debug info
     1>sqstdlibD.lib(sqstdmath.obj) : warning LNK4099: PDB 'vc90.pdb' was not found with 'sqstdlibD.lib(sqstdmath.obj)' or at 'D:\OJP\Enhanced\source\Debug\vc90.pdb'; linking object as if no debug info
     1>sqstdlibD.lib(sqstdrex.obj) : warning LNK4099: PDB 'vc90.pdb' was not found with 'sqstdlibD.lib(sqstdrex.obj)' or at 'D:\OJP\Enhanced\source\Debug\vc90.pdb'; linking object as if no debug info
     1>sqstdlibD.lib(sqstdstream.obj) : warning LNK4099: PDB 'vc90.pdb' was not found with 'sqstdlibD.lib(sqstdstream.obj)' or at 'D:\OJP\Enhanced\source\Debug\vc90.pdb'; linking object as if no debug info
     1>sqstdlibD.lib(sqstdstring.obj) : warning LNK4099: PDB 'vc90.pdb' was not found with 'sqstdlibD.lib(sqstdstring.obj)' or at 'D:\OJP\Enhanced\source\Debug\vc90.pdb'; linking object as if no debug info
     1>sqplusD.lib(SqPlus.obj) : warning LNK4099: PDB 'vc90.pdb' was not found with 'sqplusD.lib(SqPlus.obj)' or at 'D:\OJP\Enhanced\source\Debug\vc90.pdb'; linking object as if no debug info
     1>sqplusD.lib(SquirrelBindingsUtils.obj) : warning LNK4099: PDB 'vc90.pdb' was not found with 'sqplusD.lib(SquirrelBindingsUtils.obj)' or at 'D:\OJP\Enhanced\source\Debug\vc90.pdb'; linking object as if no debug info
     1>sqplusD.lib(SquirrelObject.obj) : warning LNK4099: PDB 'vc90.pdb' was not found with 'sqplusD.lib(SquirrelObject.obj)' or at 'D:\OJP\Enhanced\source\Debug\vc90.pdb'; linking object as if no debug info
     1>sqplusD.lib(SquirrelVM.obj) : warning LNK4099: PDB 'vc90.pdb' was not found with 'sqplusD.lib(SquirrelVM.obj)' or at 'D:\OJP\Enhanced\source\Debug\vc90.pdb'; linking object as if no debug info
       Manifest:
         C:\Program Files\Microsoft SDKs\Windows\v7.0A\bin\mt.exe /nologo /verbose /out:".\../Debug/JK2cgame\JK2cgame.dll.embed.manifest" /manifest .\../Debug/JK2cgame\JK2cgame.dll.intermediate.manifest
         All outputs are up-to-date.
       LinkEmbedManifest:
         All outputs are up-to-date.
         JK2_cgame.vcxproj -> D:\OJP\Enhanced\source\cgame\.\../Debug/JK2cgame\JK2cgame.dll
       BscMake:
         C:\Program Files\Microsoft Visual Studio 10.0\VC\bin\bscmake.exe /nologo /o".\../Debug/JK2cgame\JK2cgame.bsc" .\../Debug/JK2cgame\AnimalNPC.sbr .\../Debug/JK2cgame\bg_g2_utils.sbr .\../Debug/JK2cgame\bg_misc.sbr .\../Debug/JK2cgame\bg_panimate.sbr .\../Debug/JK2cgame\bg_pmove.sbr .\../Debug/JK2cgame\bg_saber.sbr .\../Debug/JK2cgame\bg_saberLoad.sbr .\../Debug/JK2cgame\bg_saga.sbr .\../Debug/JK2cgame\bg_slidemove.sbr .\../Debug/JK2cgame\bg_vehicleLoad.sbr .\../Debug/JK2cgame\bg_weapons.sbr .\../Debug/JK2cgame\StackPanel.sbr .\../Debug/JK2cgame\cg_camera.sbr .\../Debug/JK2cgame\cg_consolecmds.sbr .\../Debug/JK2cgame\cg_draw.sbr .\../Debug/JK2cgame\cg_drawtools.sbr .\../Debug/JK2cgame\cg_effects.sbr .\../Debug/JK2cgame\cg_ents.sbr .\../Debug/JK2cgame\cg_event.sbr .\../Debug/JK2cgame\cg_holster.sbr .\../Debug/JK2cgame\cg_info.sbr .\../Debug/JK2cgame\cg_jkehud.sbr .\../Debug/JK2cgame\cg_light.sbr .\../Debug/JK2cgame\cg_localents.sbr .\../Debug/JK2cgame\cg_main.sbr .\../Debug/JK2cgame\cg_marks.sbr .\../Debug/JK2cgame\cg_newDraw.sbr .\../Debug/JK2cgame\cg_players.sbr .\../Debug/JK2cgame\cg_playerstate.sbr .\../Debug/JK2cgame\cg_predict.sbr .\../Debug/JK2cgame\cg_saga.sbr .\../Debug/JK2cgame\cg_scoreboard.sbr .\../Debug/JK2cgame\cg_servercmds.sbr .\../Debug/JK2cgame\cg_snapshot.sbr .\../Debug/JK2cgame\cg_strap.sbr .\../Debug/JK2cgame\cg_syscalls.sbr .\../Debug/JK2cgame\cg_turret.sbr .\../Debug/JK2cgame\cg_view.sbr .\../Debug/JK2cgame\cg_weaponinit.sbr .\../Debug/JK2cgame\cg_weapons.sbr .\../Debug/JK2cgame\FighterNPC.sbr .\../Debug/JK2cgame\fx_blaster.sbr .\../Debug/JK2cgame\fx_bowcaster.sbr .\../Debug/JK2cgame\fx_bryarpistol.sbr .\../Debug/JK2cgame\fx_demp2.sbr .\../Debug/JK2cgame\fx_disruptor.sbr .\../Debug/JK2cgame\fx_flechette.sbr .\../Debug/JK2cgame\fx_force.sbr .\../Debug/JK2cgame\fx_heavyrepeater.sbr .\../Debug/JK2cgame\fx_rocketlauncher.sbr .\../Debug/JK2cgame\g_engine.sbr .\../Debug/JK2cgame\q_math.sbr .\../Debug/JK2cgame\q_shared.sbr .\../Debug/JK2cgame\SpeederNPC.sbr .\../Debug/JK2cgame\ui_shared.sbr .\../Debug/JK2cgame\WalkerNPC.sbr .\../Debug/JK2cgame\Squirrel.sbr
       FinalizeBuildStatus:
         Deleting file ".\../Debug/JK2cgame\JK2cgame.unsuccessfulbuild".
         Touching ".\../Debug/JK2cgame\JK2cgame.lastbuildstate".
     1>Done Building Project "D:\OJP\Enhanced\source\cgame\JK2_cgame.vcxproj" (build target(s)).

Build succeeded.

Time Elapsed 00:00:04.36
