  0:00 ------------------------------------------------------------
  0:00 InitGame: \g_siegeTeam2\none\g_siegeTeam1\none\g_siegeRespawn\20\g_weaponDisable\0\g_forcePowerDisable\0\g_forceRegenTime\0\g_saberDamageScale\1\g_jediVmerc\0\g_maxGameClients\0\g_siegeTeamSwitch\1\sv_floodProtect\1\sv_maxPing\0\sv_minPing\0\sv_maxRate\0\sv_maxclients\8\sv_hostname\*Jedi*\g_duelWeaponDisable\1\g_forceBasedTeams\0\duel_fraglimit\10\g_maxForceRank\6\g_saberLocking\1\g_privateDuel\1\capturelimit\0\timelimit\0\fraglimit\20\dmflags\0\version\JAmp: v1.0.1.0 win-x86 Oct 24 2003\g_maxHolocronCarry\3\g_gametype\0\g_needpass\0\protocol\26\mapname\mp/duel1\sv_privateClients\0\sv_fps\20\sv_allowDownload\0\g_debugMelee\0\g_stepSlideFix\1\g_noSpecMove\0\gamename\Jedi Knight Enhanced 1.0\g_allowNPC\1\g_saberanimspeed\1.075\g_dodgeRegenTime\1000\g_saberWallDamageScale\0.4\bg_fighterAltControl\0\g_showDuelHealths\0\g_minHumans\2\g_maxBots\1\g_allowBotLimit\0\ojp_skipcutscenes\0\ojp_allowBodyDodge\1
  0:00 ClientConnect: 0
  0:00 Padawan^7 connected with IP: localhost
  0:00 ClientBegin: 0
  0:39 setteam:  0 SPECTATOR FREE
  0:39 ClientBegin: 0
  1:07 ShutdownGame:
  1:07 ------------------------------------------------------------
  0:00 ------------------------------------------------------------
  0:00 InitGame: \g_siegeTeamSwitch\1\sv_floodProtect\1\sv_maxPing\0\sv_minPing\0\sv_maxRate\0\sv_hostname\*Jedi*\capturelimit\0\version\JAmp: v1.0.1.0 win-x86 Oct 24 2003\dmflags\0\fraglimit\20\timelimit\0\g_maxHolocronCarry\3\g_privateDuel\1\g_saberLocking\1\g_maxForceRank\6\duel_fraglimit\10\g_forceBasedTeams\0\g_duelWeaponDisable\1\g_gametype\0\g_needpass\0\protocol\26\mapname\mp/ffa1\sv_privateClients\0\sv_maxclients\8\sv_fps\20\sv_allowDownload\0\g_debugMelee\0\g_stepSlideFix\1\g_noSpecMove\0\gamename\Jedi Knight Enhanced 1.0\g_maxGameClients\0\g_jediVmerc\0\g_allowNPC\1\g_saberDamageScale\2\g_saberanimspeed\1.075\g_forceRegenTime\500\g_dodgeRegenTime\1000\g_forcePowerDisable\0\g_weaponDisable\0\g_siegeRespawn\20\g_saberWallDamageScale\0.4\bg_fighterAltControl\0\g_siegeTeam1\none\g_siegeTeam2\none\g_showDuelHealths\0\g_minHumans\2\g_maxBots\1\g_allowBotLimit\0\ojp_skipcutscenes\0\ojp_allowBodyDodge\1
  0:00 ClientConnect: 0
  0:00 Padawan^7 connected with IP: localhost
  0:00 ClientBegin: 0
  0:26 setteam:  0 SPECTATOR FREE
  0:26 ClientBegin: 0
  1:51 ClientConnect: 1
  1:51 *****Spawning Bot Desann^7***** 
  1:51 ClientBegin: 1
  3:03 Kill: 0 0 39: Padawan killed Padawan by MOD_SUICIDE
  3:24 Item: 1 item_medpak_instant
  3:53 setteam:  0 SPECTATOR FREE
  3:53 ClientBegin: 0
  4:40 Item: 1 item_medpak_instant
  4:54 Item: 1 item_shield_sm_instant
 55:41 Item: 1 item_shield_sm_instant
 56:07 Item: 1 item_shield_sm_instant
 56:35 Kill: 1 0 3: Desann killed Padawan by MOD_SABER
 57:17 Item: 1 item_shield_sm_instant
 58:30 Item: 1 item_shield_sm_instant
 60:08 Item: 1 item_shield_sm_instant
 75:31 Kill: 0 0 38: Padawan killed Padawan by MOD_FALLING
 77:08 Item: 1 item_shield_sm_instant
 80:54 Item: 1 item_shield_sm_instant
 82:41 Kill: 1 0 3: Desann killed Padawan by MOD_SABER
 83:26 Kill: 1 0 3: Desann killed Padawan by MOD_SABER
116:34 say: {Engineer General} Padawan: kik
123:54 Kill: 1 0 3: Desann killed Padawan by MOD_SABER
124:07 say: {Engineer General} Padawan: snapshot
124:46 Item: 1 item_shield_sm_instant
125:13 Kill: 1 0 3: Desann killed Padawan by MOD_SABER
125:49 Kill: 1 0 3: Desann killed Padawan by MOD_SABER
128:54 Item: 1 item_shield_sm_instant
129:28 Kill: 1 0 3: Desann killed Padawan by MOD_SABER
130:32 Item: 1 item_shield_sm_instant
131:16 Item: 1 item_shield_sm_instant
131:55 Item: 1 item_shield_sm_instant
133:41 Item: 1 item_shield_sm_instant
137:31 Item: 1 item_shield_sm_instant
139:52 Item: 1 item_shield_sm_instant
142:46 Kill: 1 0 3: Desann killed Padawan by MOD_SABER
144:16 Kill: 1 0 3: Desann killed Padawan by MOD_SABER
145:47 Item: 1 item_shield_sm_instant
147:28 Kill: 1 0 3: Desann killed Padawan by MOD_SABER
147:32 Item: 1 item_shield_sm_instant
148:06 Kill: 1 0 3: Desann killed Padawan by MOD_SABER
172:19 ShutdownGame:
172:19 ------------------------------------------------------------
  0:00 ------------------------------------------------------------
  0:00 InitGame: \ojp_allowBodyDodge\1\ojp_skipcutscenes\0\g_allowBotLimit\0\g_maxBots\1\g_minHumans\2\g_siegeTeam2\none\g_siegeTeam1\none\g_siegeRespawn\20\g_weaponDisable\0\g_forcePowerDisable\0\g_dodgeRegenTime\1000\g_forceRegenTime\500\g_saberanimspeed\1.075\g_saberDamageScale\2\g_jediVmerc\0\g_maxGameClients\0\sv_fps\20\sv_maxclients\8\g_duelWeaponDisable\1\g_forceBasedTeams\0\duel_fraglimit\10\g_saberLocking\1\g_privateDuel\1\timelimit\0\fraglimit\20\dmflags\0\capturelimit\0\sv_hostname\*Jedi*\sv_maxRate\0\sv_minPing\0\sv_maxPing\0\sv_floodProtect\1\g_siegeTeamSwitch\1\version\JAmp: v1.0.1.0 win-x86 Oct 24 2003\g_maxHolocronCarry\3\g_maxForceRank\6\g_gametype\0\g_needpass\0\protocol\26\mapname\mp/duel1\sv_privateClients\0\sv_allowDownload\0\g_debugMelee\0\g_stepSlideFix\1\g_noSpecMove\0\gamename\Jedi Knight Enhanced 1.0\g_allowNPC\1\g_saberWallDamageScale\0.4\bg_fighterAltControl\0\g_showDuelHealths\0
  0:00 ClientConnect: 0
  0:00 Padawan^7 connected with IP: localhost
  0:00 ClientBegin: 0
  1:24 setteam:  0 SPECTATOR FREE
  1:24 ClientBegin: 0
  2:14 ClientConnect: 1
  2:14 *****Spawning Bot Tavion^7***** 
  2:14 ClientBegin: 1
  2:41 Kill: 0 1 3: Padawan killed Tavion by MOD_SABER
  3:35 Kill: 0 1 3: Padawan killed Tavion by MOD_SABER
  3:41 Kill: 0 0 39: Padawan killed Padawan by MOD_SUICIDE
  4:06 Kill: 1 0 3: Tavion killed Padawan by MOD_SABER
  4:46 Kill: 1 0 3: Tavion killed Padawan by MOD_SABER
  5:20 Kill: 0 1 12: Padawan killed Tavion by MOD_REPEATER
  6:04 Kill: 1 0 11: Tavion killed Padawan by MOD_BOWCASTER
  6:05 ShutdownGame:
  6:05 ------------------------------------------------------------
  0:00 ------------------------------------------------------------
  0:00 InitGame: \ojp_allowBodyDodge\1\ojp_skipcutscenes\0\g_allowBotLimit\0\g_maxBots\1\g_minHumans\2\g_siegeTeam2\none\g_siegeTeam1\none\g_siegeRespawn\20\g_weaponDisable\0\g_forcePowerDisable\0\g_dodgeRegenTime\1000\g_forceRegenTime\500\g_saberanimspeed\1.075\g_saberDamageScale\2\g_jediVmerc\0\g_maxGameClients\0\sv_fps\20\sv_maxclients\8\g_duelWeaponDisable\1\g_forceBasedTeams\0\duel_fraglimit\10\g_saberLocking\1\g_privateDuel\1\timelimit\0\fraglimit\20\dmflags\0\capturelimit\0\sv_hostname\*Jedi*\sv_maxRate\0\sv_minPing\0\sv_maxPing\0\sv_floodProtect\1\g_siegeTeamSwitch\1\version\JAmp: v1.0.1.0 win-x86 Oct 24 2003\g_maxHolocronCarry\3\g_maxForceRank\6\g_gametype\0\g_needpass\0\protocol\26\mapname\mp/duel3\sv_privateClients\0\sv_allowDownload\0\g_debugMelee\0\g_stepSlideFix\1\g_noSpecMove\0\gamename\Jedi Knight Enhanced 1.0\g_allowNPC\1\g_saberWallDamageScale\0.4\bg_fighterAltControl\0\g_showDuelHealths\0
  0:00 ClientConnect: 0
  0:00 Padawan^7 connected with IP: localhost
  0:00 ClientBegin: 0
  0:33 setteam:  0 SPECTATOR FREE
  0:33 ClientBegin: 0
  2:09 Kill: 0 0 38: Padawan killed Padawan by MOD_FALLING
  2:37 ClientConnect: 1
  2:37 *****Spawning Bot Desann^7***** 
  2:37 ClientBegin: 1
  3:03 Kill: 0 1 3: Padawan killed Desann by MOD_SABER
  4:48 Kill: 0 1 3: Padawan killed Desann by MOD_SABER
  4:51 ShutdownGame:
  4:51 ------------------------------------------------------------
  0:00 ------------------------------------------------------------
  0:00 InitGame: \g_siegeTeamSwitch\1\sv_floodProtect\1\sv_maxPing\0\sv_minPing\0\sv_maxRate\0\sv_hostname\*Jedi*\capturelimit\0\dmflags\0\fraglimit\20\timelimit\0\g_privateDuel\1\g_saberLocking\1\duel_fraglimit\10\g_forceBasedTeams\0\g_duelWeaponDisable\1\sv_maxclients\8\sv_fps\20\g_maxGameClients\0\g_jediVmerc\0\g_saberDamageScale\2\g_saberanimspeed\1.075\g_forceRegenTime\500\g_dodgeRegenTime\1000\g_forcePowerDisable\0\g_weaponDisable\0\g_siegeRespawn\20\g_siegeTeam1\none\g_siegeTeam2\none\g_minHumans\2\g_maxBots\1\g_allowBotLimit\0\ojp_skipcutscenes\0\ojp_allowBodyDodge\1\version\JAmp: v1.0.1.0 win-x86 Oct 24 2003\g_maxHolocronCarry\3\g_maxForceRank\6\g_gametype\0\g_needpass\0\protocol\26\mapname\mp/ffa1\sv_privateClients\0\sv_allowDownload\0\g_debugMelee\0\g_stepSlideFix\1\g_noSpecMove\0\gamename\Jedi Knight Enhanced 1.0\g_allowNPC\1\g_saberWallDamageScale\0.4\bg_fighterAltControl\0\g_showDuelHealths\0
  0:00 ClientConnect: 0
  0:00 Padawan^7 connected with IP: localhost
  0:00 ClientBegin: 0
  0:21 setteam:  0 SPECTATOR FREE
  0:21 ClientBegin: 0
  1:52 ShutdownGame:
  1:52 ------------------------------------------------------------
  0:00 ------------------------------------------------------------
  0:00 InitGame: \g_siegeTeamSwitch\1\sv_floodProtect\1\sv_maxPing\0\sv_minPing\0\sv_maxRate\0\sv_hostname\*Jedi*\capturelimit\0\dmflags\0\fraglimit\20\timelimit\0\g_privateDuel\1\g_saberLocking\1\duel_fraglimit\10\g_forceBasedTeams\0\g_duelWeaponDisable\1\sv_maxclients\8\sv_fps\20\g_maxGameClients\0\g_jediVmerc\0\g_saberDamageScale\2\g_saberanimspeed\1.075\g_forceRegenTime\500\g_dodgeRegenTime\1000\g_forcePowerDisable\0\g_weaponDisable\0\g_siegeRespawn\20\g_siegeTeam1\none\g_siegeTeam2\none\g_minHumans\2\g_maxBots\1\g_allowBotLimit\0\ojp_skipcutscenes\0\ojp_allowBodyDodge\1\version\JAmp: v1.0.1.0 win-x86 Oct 24 2003\g_maxHolocronCarry\3\g_maxForceRank\6\g_gametype\0\g_needpass\0\protocol\26\mapname\mp/ffa1\sv_privateClients\0\sv_allowDownload\0\bot_minplayers\0\g_debugMelee\0\g_stepSlideFix\1\g_noSpecMove\0\gamename\Jedi Knight Enhanced 1.0\g_allowNPC\1\g_saberWallDamageScale\0.4\bg_fighterAltControl\0\g_showDuelHealths\0
  0:00 ClientConnect: 0
  0:00 Padawan^7 connected with IP: localhost
  0:00 ClientBegin: 0
  1:10 setteam:  0 SPECTATOR FREE
  1:10 ClientBegin: 0
  2:53 ShutdownGame:
  2:53 ------------------------------------------------------------
  0:00 ------------------------------------------------------------
  0:00 InitGame: \ojp_allowBodyDodge\1\ojp_skipcutscenes\0\g_allowBotLimit\0\g_maxBots\1\g_minHumans\2\g_siegeTeam2\none\g_siegeTeam1\none\g_siegeRespawn\20\g_weaponDisable\0\g_forcePowerDisable\0\g_dodgeRegenTime\1000\g_forceRegenTime\500\g_saberanimspeed\1.075\g_saberDamageScale\2\g_jediVmerc\0\g_maxGameClients\0\sv_fps\20\sv_maxclients\8\g_duelWeaponDisable\1\g_forceBasedTeams\0\duel_fraglimit\10\g_saberLocking\1\g_privateDuel\1\timelimit\0\fraglimit\20\dmflags\0\capturelimit\0\sv_hostname\*Jedi*\sv_maxRate\0\sv_minPing\0\sv_maxPing\0\sv_floodProtect\1\g_siegeTeamSwitch\1\version\JAmp: v1.0.1.0 win-x86 Oct 24 2003\g_maxHolocronCarry\3\g_maxForceRank\6\g_gametype\0\g_needpass\0\protocol\26\mapname\mp/duel3\sv_privateClients\0\sv_allowDownload\0\g_debugMelee\0\g_stepSlideFix\1\g_noSpecMove\0\gamename\Jedi Knight Enhanced 1.0\g_allowNPC\1\g_saberWallDamageScale\0.4\bg_fighterAltControl\0\g_showDuelHealths\0
  0:00 ClientConnect: 0
  0:00 Padawan^7 connected with IP: localhost
  0:00 ClientBegin: 0
  0:08 setteam:  0 SPECTATOR FREE
  0:08 ClientBegin: 0
 25:37 ClientConnect: 1
 25:37 *****Spawning Bot Desann^7***** 
 25:37 ClientBegin: 1
 25:44 Kill: 0 1 3: Padawan killed Desann by MOD_SABER
 25:51 ShutdownGame:
 25:51 ------------------------------------------------------------
  0:00 ------------------------------------------------------------
  0:00 InitGame: \g_siegeTeamSwitch\1\sv_floodProtect\1\sv_maxPing\0\sv_minPing\0\sv_maxRate\0\sv_hostname\*Jedi*\capturelimit\0\dmflags\0\fraglimit\20\timelimit\0\g_privateDuel\1\g_saberLocking\1\duel_fraglimit\10\g_forceBasedTeams\0\g_duelWeaponDisable\1\sv_maxclients\8\sv_fps\20\g_maxGameClients\0\g_jediVmerc\0\g_saberDamageScale\2\g_saberanimspeed\1.075\g_forceRegenTime\500\g_dodgeRegenTime\1000\g_forcePowerDisable\0\g_weaponDisable\0\g_siegeRespawn\20\g_siegeTeam1\none\g_siegeTeam2\none\g_minHumans\2\g_maxBots\1\g_allowBotLimit\0\ojp_skipcutscenes\0\ojp_allowBodyDodge\1\version\JAmp: v1.0.1.0 win-x86 Oct 24 2003\g_maxHolocronCarry\3\g_maxForceRank\6\g_gametype\0\g_needpass\0\protocol\26\mapname\mp/duel4\sv_privateClients\0\sv_allowDownload\0\g_debugMelee\0\g_stepSlideFix\1\g_noSpecMove\0\gamename\Jedi Knight Enhanced 1.0\g_allowNPC\1\g_saberWallDamageScale\0.4\bg_fighterAltControl\0\g_showDuelHealths\0
  0:00 ClientConnect: 0
  0:00 Padawan^7 connected with IP: localhost
  0:00 ClientBegin: 0
  1:44 setteam:  0 SPECTATOR FREE
  1:44 ClientBegin: 0
  2:36 Kill: 0 0 39: Padawan killed Padawan by MOD_SUICIDE
  2:36 Kill: 1022 52 0: <world> killed  by MOD_UNKNOWN
  2:42 ClientConnect: 1
  2:42 *****Spawning Bot Stormtrooper^7***** 
  2:42 ClientBegin: 1
  2:44 ClientConnect: 2
  2:44 *****Spawning Bot Trandoshan^7***** 
  2:44 ClientBegin: 2
  2:45 ClientConnect: 3
  2:45 *****Spawning Bot Desann^7***** 
  2:45 ClientBegin: 3
  2:56 Kill: 2 1 6: Trandoshan killed Stormtrooper by MOD_BLASTER
  3:05 Kill: 1 0 6: Stormtrooper killed Padawan by MOD_BLASTER
  3:12 Kill: 3 2 3: Desann killed Trandoshan by MOD_SABER
  3:15 Kill: 1 3 6: Stormtrooper killed Desann by MOD_BLASTER
  3:34 Kill: 3 0 3: Desann killed Padawan by MOD_SABER
  3:55 Kill: 2 3 3: Trandoshan killed Desann by MOD_SABER
  4:03 Kill: 1 2 6: Stormtrooper killed Trandoshan by MOD_BLASTER
  4:09 Kill: 3 0 3: Desann killed Padawan by MOD_SABER
  4:24 Kill: 3 1 6: Desann killed Stormtrooper by MOD_BLASTER
  4:44 Kill: 2 3 3: Trandoshan killed Desann by MOD_SABER
  4:46 Kill: 1 0 6: Stormtrooper killed Padawan by MOD_BLASTER
  4:56 Kill: 1 2 6: Stormtrooper killed Trandoshan by MOD_BLASTER
  5:06 Kill: 3 1 6: Desann killed Stormtrooper by MOD_BLASTER
  5:10 Kill: 0 2 12: Padawan killed Trandoshan by MOD_REPEATER
  5:17 Kill: 0 3 4: Padawan killed Desann by MOD_BRYAR_PISTOL
  5:32 Kill: 1 0 6: Stormtrooper killed Padawan by MOD_BLASTER
  6:02 Kill: 3 2 3: Desann killed Trandoshan by MOD_SABER
  6:20 Kill: 1 3 6: Stormtrooper killed Desann by MOD_BLASTER
  6:27 Kill: 0 1 6: Padawan killed Stormtrooper by MOD_BLASTER
  6:44 Kill: 2 0 3: Trandoshan killed Padawan by MOD_SABER
  6:49 Kill: 1 3 6: Stormtrooper killed Desann by MOD_BLASTER
  7:08 Kill: 1 2 6: Stormtrooper killed Trandoshan by MOD_BLASTER
  7:24 Kill: 1 0 6: Stormtrooper killed Padawan by MOD_BLASTER
  7:26 Kill: 1 3 6: Stormtrooper killed Desann by MOD_BLASTER
  7:37 Kill: 0 1 3: Padawan killed Stormtrooper by MOD_SABER
  7:46 Kill: 3 2 3: Desann killed Trandoshan by MOD_SABER
  7:54 ClientDisconnect: 1
  7:54 Stormtrooper^7 disconnected with IP: 
  8:01 Kill: 0 3 3: Padawan killed Desann by MOD_SABER
  8:21 Kill: 2 0 3: Trandoshan killed Padawan by MOD_SABER
  8:23 say: {Jedi Master} Padawan: g_movespeed
  8:32 ShutdownGame:
  8:32 ------------------------------------------------------------
  0:00 ------------------------------------------------------------
  0:00 InitGame: \ojp_allowBodyDodge\1\ojp_skipcutscenes\0\g_allowBotLimit\0\g_maxBots\1\g_minHumans\2\g_siegeTeam2\none\g_siegeTeam1\none\g_siegeRespawn\20\g_weaponDisable\0\g_forcePowerDisable\0\g_dodgeRegenTime\1000\g_forceRegenTime\450\g_saberanimspeed\1.075\g_saberDamageScale\2\g_jediVmerc\0\g_maxGameClients\0\sv_fps\20\sv_maxclients\8\g_duelWeaponDisable\1\g_forceBasedTeams\0\duel_fraglimit\10\g_saberLocking\1\g_privateDuel\1\timelimit\0\fraglimit\20\dmflags\0\capturelimit\0\sv_hostname\*Jedi*\sv_maxRate\0\sv_minPing\0\sv_maxPing\0\sv_floodProtect\1\g_siegeTeamSwitch\1\version\JAmp: v1.0.1.0 win-x86 Oct 24 2003\g_maxHolocronCarry\3\g_maxForceRank\6\g_gametype\0\g_needpass\0\protocol\26\mapname\mp/duel5\sv_privateClients\0\sv_allowDownload\0\g_debugMelee\0\g_stepSlideFix\1\g_noSpecMove\0\gamename\Jedi Knight Enhanced 1.0\g_allowNPC\1\g_saberWallDamageScale\0.4\bg_fighterAltControl\0\g_showDuelHealths\0
  0:00 ClientConnect: 0
  0:00 Padawan^7 connected with IP: localhost
  0:00 ClientBegin: 0
  1:15 setteam:  0 SPECTATOR FREE
  1:15 ClientBegin: 0
  1:56 Kill: 1022 0 41: <world> killed Padawan by MOD_TRIGGER_HURT
  2:02 ShutdownGame:
  2:02 ------------------------------------------------------------
  0:00 ------------------------------------------------------------
  0:00 InitGame: \g_siegeTeamSwitch\1\sv_floodProtect\1\sv_maxPing\0\sv_minPing\0\sv_maxRate\0\sv_hostname\*Jedi*\capturelimit\0\dmflags\0\fraglimit\20\timelimit\0\g_privateDuel\1\g_saberLocking\1\duel_fraglimit\10\g_forceBasedTeams\0\g_duelWeaponDisable\1\sv_maxclients\8\sv_fps\20\g_maxGameClients\0\g_jediVmerc\0\g_saberDamageScale\2\g_saberanimspeed\1.075\g_forceRegenTime\450\g_dodgeRegenTime\1000\g_forcePowerDisable\0\g_weaponDisable\0\g_siegeRespawn\20\g_siegeTeam1\none\g_siegeTeam2\none\g_minHumans\2\g_maxBots\1\g_allowBotLimit\0\ojp_skipcutscenes\0\ojp_allowBodyDodge\1\version\JAmp: v1.0.1.0 win-x86 Oct 24 2003\g_maxHolocronCarry\3\g_maxForceRank\6\g_gametype\0\g_needpass\0\protocol\26\mapname\mp/duel1\sv_privateClients\0\sv_allowDownload\0\g_debugMelee\0\g_stepSlideFix\1\g_noSpecMove\0\gamename\Jedi Knight Enhanced 1.0\g_allowNPC\1\g_saberWallDamageScale\0.4\bg_fighterAltControl\0\g_showDuelHealths\0
  0:00 ClientConnect: 0
  0:00 Padawan^7 connected with IP: localhost
  0:00 ClientBegin: 0
  1:23 ShutdownGame:
  1:23 ------------------------------------------------------------
  0:00 ------------------------------------------------------------
  0:00 InitGame: \ojp_allowBodyDodge\1\ojp_skipcutscenes\0\g_allowBotLimit\0\g_maxBots\1\g_minHumans\2\g_siegeTeam2\none\g_siegeTeam1\none\g_siegeRespawn\20\g_weaponDisable\0\g_forcePowerDisable\0\g_dodgeRegenTime\1000\g_forceRegenTime\450\g_saberanimspeed\1.075\g_saberDamageScale\2\g_jediVmerc\0\g_maxGameClients\0\sv_fps\20\sv_maxclients\8\g_duelWeaponDisable\1\g_forceBasedTeams\0\duel_fraglimit\10\g_saberLocking\1\g_privateDuel\1\timelimit\0\fraglimit\20\dmflags\0\capturelimit\0\sv_hostname\*Jedi*\sv_maxRate\0\sv_minPing\0\sv_maxPing\0\sv_floodProtect\1\g_siegeTeamSwitch\1\version\JAmp: v1.0.1.0 win-x86 Oct 24 2003\g_maxHolocronCarry\3\g_maxForceRank\6\g_gametype\0\g_needpass\0\protocol\26\mapname\mp/ffa1\sv_privateClients\0\sv_allowDownload\0\g_debugMelee\0\g_stepSlideFix\1\g_noSpecMove\0\gamename\Jedi Knight Enhanced 1.0\g_allowNPC\1\g_saberWallDamageScale\0.4\bg_fighterAltControl\0\g_showDuelHealths\0
  0:00 ClientConnect: 0
  0:00 Padawan^7 connected with IP: localhost
  0:00 ClientBegin: 0
  0:55 setteam:  0 SPECTATOR FREE
  0:55 ClientBegin: 0
  1:30 ClientConnect: 1
  1:30 *****Spawning Bot Desann^7***** 
  1:30 ClientBegin: 1
  1:32 ClientConnect: 2
  1:32 *****Spawning Bot Desann^7***** 
  1:32 ClientBegin: 2
  1:32 ClientConnect: 3
  1:32 *****Spawning Bot Desann^7***** 
  1:32 ClientBegin: 3
  1:33 ClientConnect: 4
  1:33 *****Spawning Bot Desann^7***** 
  1:33 ClientBegin: 4
  2:04 Kill: 4 1 3: Desann killed Desann by MOD_SABER
  2:04 Item: 2 item_shield_sm_instant
  2:10 Item: 2 item_medpak_instant
  2:20 Item: 4 item_medpak_instant
  2:29 Kill: 2 3 3: Desann killed Desann by MOD_SABER
  2:32 Kill: 0 0 38: Padawan killed Padawan by MOD_FALLING
  2:36 Kill: 2 4 3: Desann killed Desann by MOD_SABER
  2:46 Item: 1 item_medpak_instant
  2:50 Kill: 2 1 3: Desann killed Desann by MOD_SABER
  3:04 Item: 2 item_shield_sm_instant
  3:16 Kill: 3 4 3: Desann killed Desann by MOD_SABER
  3:26 Kill: 3 2 3: Desann killed Desann by MOD_SABER
  3:52 Kill: 4 2 3: Desann killed Desann by MOD_SABER
  3:54 Item: 3 item_medpak_instant
  3:57 ShutdownGame:
  3:57 ------------------------------------------------------------
  0:00 ------------------------------------------------------------
  0:00 InitGame: \g_siegeTeamSwitch\1\sv_floodProtect\1\sv_maxPing\0\sv_minPing\0\sv_maxRate\0\sv_hostname\*Jedi*\capturelimit\0\dmflags\0\fraglimit\20\timelimit\0\g_privateDuel\1\g_saberLocking\1\duel_fraglimit\10\g_forceBasedTeams\0\g_duelWeaponDisable\1\sv_maxclients\8\sv_fps\20\g_maxGameClients\0\g_jediVmerc\0\g_saberDamageScale\2\g_saberanimspeed\1.075\g_forceRegenTime\450\g_dodgeRegenTime\1000\g_forcePowerDisable\0\g_weaponDisable\0\g_siegeRespawn\20\g_siegeTeam1\none\g_siegeTeam2\none\g_minHumans\2\g_maxBots\1\g_allowBotLimit\0\ojp_skipcutscenes\0\ojp_allowBodyDodge\1\version\JAmp: v1.0.1.0 win-x86 Oct 24 2003\g_maxHolocronCarry\3\g_maxForceRank\6\g_gametype\0\g_needpass\0\protocol\26\mapname\mp/duel3\sv_privateClients\0\sv_allowDownload\0\g_debugMelee\0\g_stepSlideFix\1\g_noSpecMove\0\gamename\Jedi Knight Enhanced 1.0\g_allowNPC\1\g_saberWallDamageScale\0.4\bg_fighterAltControl\0\g_showDuelHealths\0
  0:00 ClientConnect: 0
  0:00 Padawan^7 connected with IP: localhost
  0:00 ClientBegin: 0
  1:49 setteam:  0 SPECTATOR FREE
  1:49 ClientBegin: 0
  2:09 Kill: 0 0 38: Padawan killed Padawan by MOD_FALLING
  2:57 ShutdownGame:
  2:57 ------------------------------------------------------------
  0:00 ------------------------------------------------------------
  0:00 InitGame: \ojp_allowBodyDodge\1\ojp_skipcutscenes\0\g_allowBotLimit\0\g_maxBots\1\g_minHumans\2\g_siegeTeam2\none\g_siegeTeam1\none\g_siegeRespawn\20\g_weaponDisable\0\g_forcePowerDisable\0\g_dodgeRegenTime\1000\g_forceRegenTime\450\g_saberanimspeed\1.075\g_saberDamageScale\2\g_jediVmerc\0\g_maxGameClients\0\sv_fps\20\sv_maxclients\8\g_duelWeaponDisable\1\g_forceBasedTeams\0\duel_fraglimit\10\g_saberLocking\1\g_privateDuel\1\timelimit\0\fraglimit\20\dmflags\0\capturelimit\0\sv_hostname\*Jedi*\sv_maxRate\0\sv_minPing\0\sv_maxPing\0\sv_floodProtect\1\g_siegeTeamSwitch\1\version\JAmp: v1.0.1.0 win-x86 Oct 24 2003\g_maxHolocronCarry\3\g_maxForceRank\6\g_gametype\0\g_needpass\0\protocol\26\mapname\mp/duel2\sv_privateClients\0\sv_allowDownload\0\g_debugMelee\0\g_stepSlideFix\1\g_noSpecMove\0\gamename\Jedi Knight Enhanced 1.0\g_allowNPC\1\g_saberWallDamageScale\0.4\bg_fighterAltControl\0\g_showDuelHealths\0
  0:00 ClientConnect: 0
  0:00 Padawan^7 connected with IP: localhost
  0:00 ClientBegin: 0
  0:20 setteam:  0 SPECTATOR FREE
  0:20 ClientBegin: 0
  0:39 Kill: 0 0 38: Padawan killed Padawan by MOD_FALLING
  1:33 Kill: 0 0 38: Padawan killed Padawan by MOD_FALLING
  2:17 ShutdownGame:
  2:17 ------------------------------------------------------------
  0:00 ------------------------------------------------------------
  0:00 InitGame: \g_siegeTeamSwitch\1\sv_floodProtect\1\sv_maxPing\0\sv_minPing\0\sv_maxRate\0\sv_hostname\*Jedi*\capturelimit\0\dmflags\0\fraglimit\20\timelimit\0\g_privateDuel\1\g_saberLocking\1\duel_fraglimit\10\g_forceBasedTeams\0\g_duelWeaponDisable\1\sv_maxclients\8\sv_fps\20\g_maxGameClients\0\g_jediVmerc\0\g_saberDamageScale\2\g_saberanimspeed\1.075\g_forceRegenTime\450\g_dodgeRegenTime\1000\g_forcePowerDisable\0\g_weaponDisable\0\g_siegeRespawn\20\g_siegeTeam1\none\g_siegeTeam2\none\g_minHumans\2\g_maxBots\1\g_allowBotLimit\0\ojp_skipcutscenes\0\ojp_allowBodyDodge\1\version\JAmp: v1.0.1.0 win-x86 Oct 24 2003\g_maxHolocronCarry\3\g_maxForceRank\6\g_gametype\0\g_needpass\0\protocol\26\mapname\mp/duel2\sv_privateClients\0\sv_allowDownload\0\g_debugMelee\0\g_stepSlideFix\1\g_noSpecMove\0\gamename\Jedi Knight Enhanced 1.0\g_allowNPC\1\g_saberWallDamageScale\0.4\bg_fighterAltControl\0\g_showDuelHealths\0
  0:00 ClientConnect: 0
  0:00 Padawan^7 connected with IP: localhost
  0:00 ClientBegin: 0
  0:03 setteam:  0 SPECTATOR FREE
  0:03 ClientBegin: 0
  0:14 ClientConnect: 1
  0:14 *****Spawning Bot Desann^7***** 
  0:14 ClientBegin: 1
  0:32 Kill: 1 0 4: Desann killed Padawan by MOD_BRYAR_PISTOL
  1:09 Kill: 0 1 4: Padawan killed Desann by MOD_BRYAR_PISTOL
  1:23 ClientConnect: 2
  1:23 *****Spawning Bot Desann^7***** 
  1:23 ClientBegin: 2
  1:25 Kill: 2 0 4: Desann killed Padawan by MOD_BRYAR_PISTOL
  1:42 Kill: 1 2 3: Desann killed Desann by MOD_SABER
  1:45 Kill: 0 1 4: Padawan killed Desann by MOD_BRYAR_PISTOL
  1:50 ShutdownGame:
  1:50 ------------------------------------------------------------
  0:00 ------------------------------------------------------------
  0:00 InitGame: \ojp_allowBodyDodge\1\ojp_skipcutscenes\0\g_allowBotLimit\0\g_maxBots\1\g_minHumans\2\g_siegeTeam2\none\g_siegeTeam1\none\g_siegeRespawn\20\g_weaponDisable\0\g_forcePowerDisable\0\g_dodgeRegenTime\1000\g_forceRegenTime\450\g_saberanimspeed\1.075\g_saberDamageScale\2\g_jediVmerc\0\g_maxGameClients\0\sv_fps\20\sv_maxclients\8\g_duelWeaponDisable\1\g_forceBasedTeams\0\duel_fraglimit\10\g_saberLocking\1\g_privateDuel\1\timelimit\0\fraglimit\20\dmflags\0\capturelimit\0\sv_hostname\*Jedi*\sv_maxRate\0\sv_minPing\0\sv_maxPing\0\sv_floodProtect\1\g_siegeTeamSwitch\1\version\JAmp: v1.0.1.0 win-x86 Oct 24 2003\g_maxHolocronCarry\3\g_maxForceRank\6\g_gametype\0\g_needpass\0\protocol\26\mapname\mp/duel1\sv_privateClients\0\sv_allowDownload\0\g_debugMelee\0\g_stepSlideFix\1\g_noSpecMove\0\gamename\Jedi Knight Enhanced 1.0\g_allowNPC\1\g_saberWallDamageScale\0.4\bg_fighterAltControl\0\g_showDuelHealths\0
  0:00 ClientConnect: 0
  0:00 Padawan^7 connected with IP: localhost
  0:00 ClientBegin: 0
  0:13 setteam:  0 SPECTATOR FREE
  0:13 ClientBegin: 0
  0:17 ClientConnect: 1
  0:17 *****Spawning Bot Desann^7***** 
  0:17 ClientBegin: 1
  0:18 ClientConnect: 2
  0:18 *****Spawning Bot Desann^7***** 
  0:18 ClientBegin: 2
  0:20 say: {Jedi Master} Desann: Prepare for defeat.
  0:27 Kill: 2 1 3: Desann killed Desann by MOD_SABER
  0:31 Kill: 2 0 12: Desann killed Padawan by MOD_REPEATER
  0:47 Kill: 1 2 3: Desann killed Desann by MOD_SABER
  1:08 Kill: 2 1 3: Desann killed Desann by MOD_SABER
  1:11 Kill: 0 2 4: Padawan killed Desann by MOD_BRYAR_PISTOL
  1:19 ClientConnect: 3
  1:19 *****Spawning Bot Desann^7***** 
  1:19 ClientBegin: 3
  1:26 Kill: 3 0 3: Desann killed Padawan by MOD_SABER
  1:29 ShutdownGame:
  1:29 ------------------------------------------------------------
  0:00 ------------------------------------------------------------
  0:00 InitGame: \g_siegeTeamSwitch\1\sv_floodProtect\1\sv_maxPing\0\sv_minPing\0\sv_maxRate\0\sv_hostname\*Jedi*\capturelimit\0\dmflags\0\fraglimit\20\timelimit\0\g_privateDuel\1\g_saberLocking\1\duel_fraglimit\10\g_forceBasedTeams\0\g_duelWeaponDisable\1\sv_maxclients\8\sv_fps\20\g_maxGameClients\0\g_jediVmerc\0\g_saberDamageScale\2\g_saberanimspeed\1.075\g_forceRegenTime\450\g_dodgeRegenTime\1000\g_forcePowerDisable\0\g_weaponDisable\0\g_siegeRespawn\20\g_siegeTeam1\none\g_siegeTeam2\none\g_minHumans\2\g_maxBots\1\g_allowBotLimit\0\ojp_skipcutscenes\0\ojp_allowBodyDodge\1\version\JAmp: v1.0.1.0 win-x86 Oct 24 2003\g_maxHolocronCarry\3\g_maxForceRank\6\g_gametype\0\g_needpass\0\protocol\26\mapname\mp/duel4\sv_privateClients\0\sv_allowDownload\0\g_debugMelee\0\g_stepSlideFix\1\g_noSpecMove\0\gamename\Jedi Knight Enhanced 1.0\g_allowNPC\1\g_saberWallDamageScale\0.4\bg_fighterAltControl\0\g_showDuelHealths\0
  0:00 ClientConnect: 0
  0:00 Padawan^7 connected with IP: localhost
  0:00 ClientBegin: 0
  0:16 setteam:  0 SPECTATOR FREE
  0:16 ClientBegin: 0
  0:35 ClientConnect: 1
  0:35 *****Spawning Bot Desann^7***** 
  0:35 ClientBegin: 1
  0:48 Kill: 0 1 12: Padawan killed Desann by MOD_REPEATER
  0:53 ShutdownGame:
  0:53 ------------------------------------------------------------
  0:00 ------------------------------------------------------------
  0:00 InitGame: \ojp_allowBodyDodge\1\ojp_skipcutscenes\0\g_allowBotLimit\0\g_maxBots\1\g_minHumans\2\g_siegeTeam2\none\g_siegeTeam1\none\g_siegeRespawn\20\g_weaponDisable\0\g_forcePowerDisable\0\g_dodgeRegenTime\1000\g_forceRegenTime\450\g_saberanimspeed\1.075\g_saberDamageScale\2\g_jediVmerc\0\g_maxGameClients\0\sv_fps\20\sv_maxclients\8\g_duelWeaponDisable\1\g_forceBasedTeams\0\duel_fraglimit\10\g_saberLocking\1\g_privateDuel\1\timelimit\0\fraglimit\20\dmflags\0\capturelimit\0\sv_hostname\*Jedi*\sv_maxRate\0\sv_minPing\0\sv_maxPing\0\sv_floodProtect\1\g_siegeTeamSwitch\1\version\JAmp: v1.0.1.0 win-x86 Oct 24 2003\g_maxHolocronCarry\3\g_maxForceRank\6\g_gametype\0\g_needpass\0\protocol\26\mapname\mp/duel4\sv_privateClients\0\sv_allowDownload\0\g_debugMelee\0\g_stepSlideFix\1\g_noSpecMove\0\gamename\Jedi Knight Enhanced 1.0\g_allowNPC\1\g_saberWallDamageScale\0.4\bg_fighterAltControl\0\g_showDuelHealths\0
  0:00 ClientConnect: 0
  0:00 Padawan^7 connected with IP: localhost
  0:00 ClientBegin: 0
  0:20 setteam:  0 SPECTATOR FREE
  0:20 ClientBegin: 0
  1:47 ShutdownGame:
  1:47 ------------------------------------------------------------
  1:47 ------------------------------------------------------------
  1:47 InitGame: \ojp_allowBodyDodge\1\ojp_skipcutscenes\0\g_allowBotLimit\0\g_maxBots\1\g_minHumans\2\g_siegeTeam2\none\g_siegeTeam1\none\g_siegeRespawn\20\g_weaponDisable\0\g_forcePowerDisable\0\g_dodgeRegenTime\1000\g_forceRegenTime\450\g_saberanimspeed\1.075\g_saberDamageScale\2\g_jediVmerc\0\g_maxGameClients\0\sv_fps\20\sv_maxclients\8\g_duelWeaponDisable\1\g_forceBasedTeams\0\duel_fraglimit\10\g_saberLocking\1\g_privateDuel\1\timelimit\0\fraglimit\20\dmflags\0\capturelimit\0\sv_hostname\*Jedi*\sv_maxRate\0\sv_minPing\0\sv_maxPing\0\sv_floodProtect\1\g_siegeTeamSwitch\1\version\JAmp: v1.0.1.0 win-x86 Oct 24 2003\g_maxHolocronCarry\3\g_maxForceRank\6\g_gametype\0\g_needpass\0\protocol\26\mapname\mp/duel4\sv_privateClients\0\sv_allowDownload\0\bot_minplayers\0\g_debugMelee\0\g_stepSlideFix\1\g_noSpecMove\0\gamename\Jedi Knight Enhanced 1.0\g_allowNPC\1\g_saberWallDamageScale\0.4\bg_fighterAltControl\0\g_showDuelHealths\0
  1:48 ClientConnect: 0
  1:48 Padawan^7 connected with IP: 
  1:48 Kill: 0 0 39: Padawan killed Padawan by MOD_SUICIDE
  1:48 setteam:  0 FREE SPECTATOR
  1:48 ClientBegin: 0
  1:48 ClientBegin: 0
  2:02 setteam:  0 SPECTATOR FREE
  2:02 ClientBegin: 0
  3:01 Kill: 0 0 27: Padawan killed Padawan by MOD_DET_PACK_SPLASH
  3:43 Kill: 0 0 24: Padawan killed Padawan by MOD_THERMAL_SPLASH
  4:33 ShutdownGame:
  4:33 ------------------------------------------------------------
  0:00 ------------------------------------------------------------
  0:00 InitGame: \capturelimit\0\sv_hostname\*Jedi*\sv_maxRate\0\sv_minPing\0\sv_maxPing\0\sv_floodProtect\1\g_siegeTeamSwitch\1\version\JAmp: v1.0.1.0 win-x86 Oct 24 2003\dmflags\0\fraglimit\20\timelimit\0\g_maxHolocronCarry\3\g_privateDuel\1\g_saberLocking\1\g_maxForceRank\6\duel_fraglimit\10\g_forceBasedTeams\0\g_duelWeaponDisable\1\g_gametype\0\g_needpass\0\protocol\26\mapname\mp/duel4\sv_privateClients\0\sv_maxclients\8\sv_fps\20\sv_allowDownload\0\g_debugMelee\0\g_stepSlideFix\1\g_noSpecMove\0\gamename\Jedi Knight Enhanced 1.0\g_maxGameClients\0\g_jediVmerc\0\g_allowNPC\1\g_saberDamageScale\2\g_saberanimspeed\1.075\g_forceRegenTime\500\g_dodgeRegenTime\1000\g_forcePowerDisable\0\g_weaponDisable\0\g_siegeRespawn\20\g_saberWallDamageScale\0.4\bg_fighterAltControl\0\g_siegeTeam1\none\g_siegeTeam2\none\g_showDuelHealths\0\g_minHumans\2\g_maxBots\1\g_allowBotLimit\0\ojp_skipcutscenes\0\ojp_allowBodyDodge\1
  0:00 ClientConnect: 0
  0:00 Padawan^7 connected with IP: localhost
  0:00 ClientBegin: 0
  0:07 setteam:  0 SPECTATOR FREE
  0:07 ClientBegin: 0
  0:17 setteam:  0 SPECTATOR FREE
  0:17 ClientBegin: 0
  0:52 ShutdownGame:
  0:52 ------------------------------------------------------------
  0:52 ------------------------------------------------------------
  0:52 InitGame: \capturelimit\0\sv_hostname\*Jedi*\sv_maxRate\0\sv_minPing\0\sv_maxPing\0\sv_floodProtect\1\g_siegeTeamSwitch\1\version\JAmp: v1.0.1.0 win-x86 Oct 24 2003\dmflags\0\fraglimit\20\timelimit\0\g_maxHolocronCarry\3\g_privateDuel\1\g_saberLocking\1\g_maxForceRank\6\duel_fraglimit\10\g_forceBasedTeams\0\g_duelWeaponDisable\1\g_gametype\0\g_needpass\0\protocol\26\mapname\mp/duel4\sv_privateClients\0\sv_maxclients\8\sv_fps\20\sv_allowDownload\0\bot_minplayers\0\g_debugMelee\0\g_stepSlideFix\1\g_noSpecMove\0\gamename\Jedi Knight Enhanced 1.0\g_maxGameClients\0\g_jediVmerc\0\g_allowNPC\1\g_saberDamageScale\2\g_saberanimspeed\1.075\g_forceRegenTime\500\g_dodgeRegenTime\1000\g_forcePowerDisable\0\g_weaponDisable\0\g_siegeRespawn\20\g_saberWallDamageScale\0.4\bg_fighterAltControl\0\g_siegeTeam1\none\g_siegeTeam2\none\g_showDuelHealths\0\g_minHumans\2\g_maxBots\1\g_allowBotLimit\0\ojp_skipcutscenes\0\ojp_allowBodyDodge\1
  0:52 ClientConnect: 0
  0:52 Padawan^7 connected with IP: 
  0:53 ClientBegin: 0
  1:00 setteam:  0 SPECTATOR FREE
  1:00 ClientBegin: 0
  1:51 ShutdownGame:
  1:51 ------------------------------------------------------------
  0:00 ------------------------------------------------------------
  0:00 InitGame: \ojp_allowBodyDodge\1\ojp_skipcutscenes\0\g_allowBotLimit\0\g_maxBots\1\g_minHumans\2\g_siegeTeam2\none\g_siegeTeam1\none\g_siegeRespawn\20\g_weaponDisable\0\g_forcePowerDisable\0\g_dodgeRegenTime\1000\g_forceRegenTime\500\g_saberanimspeed\1.075\g_saberDamageScale\2\g_jediVmerc\0\g_maxGameClients\0\sv_fps\20\sv_maxclients\8\g_duelWeaponDisable\1\g_forceBasedTeams\0\duel_fraglimit\10\g_saberLocking\1\g_privateDuel\1\timelimit\0\fraglimit\20\dmflags\0\g_siegeTeamSwitch\1\sv_floodProtect\1\sv_maxPing\0\sv_minPing\0\sv_maxRate\0\sv_hostname\*Jedi*\capturelimit\0\version\JAmp: v1.0.1.0 win-x86 Oct 24 2003\g_maxHolocronCarry\3\g_maxForceRank\6\g_gametype\0\g_needpass\0\protocol\26\mapname\mp/duel4\sv_privateClients\0\sv_allowDownload\0\g_debugMelee\0\g_stepSlideFix\1\g_noSpecMove\0\gamename\Jedi Knight Enhanced 1.0\g_allowNPC\1\g_saberWallDamageScale\0.4\bg_fighterAltControl\0\g_showDuelHealths\0
  0:00 ClientConnect: 0
  0:00 Padawan^7 connected with IP: localhost
  0:00 ClientBegin: 0
  0:10 setteam:  0 SPECTATOR FREE
  0:10 ClientBegin: 0
  0:47 ShutdownGame:
  0:47 ------------------------------------------------------------
  0:00 ------------------------------------------------------------
  0:00 InitGame: \capturelimit\0\sv_hostname\*Jedi*\sv_maxRate\0\sv_minPing\0\sv_maxPing\0\sv_floodProtect\1\g_siegeTeamSwitch\1\dmflags\0\fraglimit\20\timelimit\0\g_privateDuel\1\g_saberLocking\1\duel_fraglimit\10\g_forceBasedTeams\0\g_duelWeaponDisable\1\sv_maxclients\8\sv_fps\20\g_maxGameClients\0\g_jediVmerc\0\g_saberDamageScale\2\g_saberanimspeed\1.075\g_forceRegenTime\500\g_dodgeRegenTime\1000\g_forcePowerDisable\0\g_weaponDisable\0\g_siegeRespawn\20\g_siegeTeam1\none\g_siegeTeam2\none\g_minHumans\2\g_maxBots\1\g_allowBotLimit\0\ojp_skipcutscenes\0\ojp_allowBodyDodge\1\version\JAmp: v1.0.1.0 win-x86 Oct 24 2003\g_maxHolocronCarry\3\g_maxForceRank\6\g_gametype\0\g_needpass\0\protocol\26\mapname\mp/duel4\sv_privateClients\0\sv_allowDownload\0\g_debugMelee\0\g_stepSlideFix\1\g_noSpecMove\0\gamename\Jedi Knight Enhanced 1.0\g_allowNPC\1\g_saberWallDamageScale\0.4\bg_fighterAltControl\0\g_showDuelHealths\0
  0:00 ClientConnect: 0
  0:00 Padawan^7 connected with IP: localhost
  0:00 ClientBegin: 0
  1:03 ShutdownGame:
  1:03 ------------------------------------------------------------
  0:00 ------------------------------------------------------------
  0:00 InitGame: \ojp_allowBodyDodge\1\ojp_skipcutscenes\0\g_allowBotLimit\0\g_maxBots\1\g_minHumans\2\g_siegeTeam2\none\g_siegeTeam1\none\g_siegeRespawn\20\g_weaponDisable\0\g_forcePowerDisable\0\g_dodgeRegenTime\1000\g_forceRegenTime\500\g_saberanimspeed\1.075\g_saberDamageScale\2\g_jediVmerc\0\g_maxGameClients\0\sv_fps\20\sv_maxclients\8\g_duelWeaponDisable\1\g_forceBasedTeams\0\duel_fraglimit\10\g_saberLocking\1\g_privateDuel\1\timelimit\0\fraglimit\20\dmflags\0\g_siegeTeamSwitch\1\sv_floodProtect\1\sv_maxPing\0\sv_minPing\0\sv_maxRate\0\sv_hostname\*Jedi*\capturelimit\0\version\JAmp: v1.0.1.0 win-x86 Oct 24 2003\g_maxHolocronCarry\3\g_maxForceRank\6\g_gametype\0\g_needpass\0\protocol\26\mapname\mp/duel4\sv_privateClients\0\sv_allowDownload\0\g_debugMelee\0\g_stepSlideFix\1\g_noSpecMove\0\gamename\Jedi Knight Enhanced 1.0\g_allowNPC\1\g_saberWallDamageScale\0.4\bg_fighterAltControl\0\g_showDuelHealths\0
  0:00 ClientConnect: 0
  0:00 Padawan^7 connected with IP: localhost
  0:00 ClientBegin: 0
  0:16 setteam:  0 SPECTATOR FREE
  0:16 ClientBegin: 0
  0:24 ShutdownGame:
  0:24 ------------------------------------------------------------
  0:00 ------------------------------------------------------------
  0:00 InitGame: \capturelimit\0\sv_hostname\*Jedi*\sv_maxRate\0\sv_minPing\0\sv_maxPing\0\sv_floodProtect\1\g_siegeTeamSwitch\1\dmflags\0\fraglimit\20\timelimit\0\g_privateDuel\1\g_saberLocking\1\duel_fraglimit\10\g_forceBasedTeams\0\g_duelWeaponDisable\1\sv_maxclients\8\g_maxGameClients\0\g_jediVmerc\0\g_forceRegenTime\500\g_forcePowerDisable\0\g_weaponDisable\0\g_siegeRespawn\20\g_siegeTeam1\none\g_siegeTeam2\none\version\JAmp: v1.0.1.0 win-x86 Oct 24 2003\g_maxHolocronCarry\3\g_maxForceRank\6\g_gametype\0\g_needpass\0\protocol\26\mapname\mp/duel4\sv_privateClients\0\sv_allowDownload\0\g_debugMelee\0\g_stepSlideFix\1\g_noSpecMove\0\gamename\basejka\g_allowNPC\1\g_saberWallDamageScale\0.4\bg_fighterAltControl\0\g_showDuelHealths\0
  0:00 ClientConnect: 0
  0:00 ClientBegin: 0
  0:19 ShutdownGame:
  0:19 ------------------------------------------------------------
  0:00 ------------------------------------------------------------
  0:00 InitGame: \g_maxForceRank\6\g_siegeTeam2\none\g_siegeTeam1\none\g_siegeRespawn\20\g_weaponDisable\0\g_forcePowerDisable\0\g_forceRegenTime\500\g_jediVmerc\0\g_maxGameClients\0\sv_maxclients\8\g_duelWeaponDisable\1\g_forceBasedTeams\0\duel_fraglimit\10\g_saberLocking\1\g_privateDuel\1\timelimit\0\fraglimit\20\dmflags\0\g_siegeTeamSwitch\1\sv_floodProtect\1\sv_maxPing\0\sv_minPing\0\sv_maxRate\0\sv_hostname\*Jedi*\capturelimit\0\version\JAmp: v1.0.1.0 win-x86 Oct 24 2003\g_maxHolocronCarry\3\g_gametype\0\g_needpass\0\protocol\26\mapname\mp/duel4\sv_privateClients\0\sv_allowDownload\0\g_debugMelee\0\g_stepSlideFix\1\g_noSpecMove\0\gamename\basejka\g_allowNPC\1\g_saberWallDamageScale\0.4\bg_fighterAltControl\0\g_showDuelHealths\0
  0:00 ClientConnect: 0
  0:00 ClientBegin: 0
  0:20 setteam:  0 SPECTATOR FREE
  0:20 ClientBegin: 0
  1:06 ShutdownGame:
  1:06 ------------------------------------------------------------
  0:00 ------------------------------------------------------------
  0:00 InitGame: \capturelimit\0\sv_hostname\*Jedi*\sv_maxRate\0\sv_minPing\0\sv_maxPing\0\sv_floodProtect\1\g_siegeTeamSwitch\1\dmflags\0\fraglimit\20\timelimit\0\g_privateDuel\1\g_saberLocking\1\duel_fraglimit\10\g_forceBasedTeams\0\g_duelWeaponDisable\1\sv_maxclients\8\sv_fps\20\g_maxGameClients\0\g_jediVmerc\0\g_saberDamageScale\2\g_saberanimspeed\1.075\g_forceRegenTime\500\g_dodgeRegenTime\1000\g_forcePowerDisable\0\g_weaponDisable\0\g_siegeRespawn\20\g_siegeTeam1\none\g_siegeTeam2\none\g_minHumans\2\g_maxBots\1\g_allowBotLimit\0\ojp_skipcutscenes\0\ojp_allowBodyDodge\1\g_maxForceRank\6\version\JAmp: v1.0.1.0 win-x86 Oct 24 2003\g_maxHolocronCarry\3\g_gametype\0\g_needpass\0\protocol\26\mapname\mp/duel4\sv_privateClients\0\sv_allowDownload\0\g_debugMelee\0\g_stepSlideFix\1\g_noSpecMove\0\gamename\Jedi Knight Enhanced 1.0\g_allowNPC\1\g_saberWallDamageScale\0.4\bg_fighterAltControl\0\g_showDuelHealths\0
  0:00 ClientConnect: 0
  0:00 Padawan^7 connected with IP: localhost
  0:00 ClientBegin: 0
  0:07 setteam:  0 SPECTATOR FREE
  0:07 ClientBegin: 0
  0:14 setteam:  0 SPECTATOR FREE
  0:14 ClientBegin: 0
  1:25 ShutdownGame:
  1:25 ------------------------------------------------------------
  0:00 ------------------------------------------------------------
  0:00 InitGame: \g_maxForceRank\6\ojp_allowBodyDodge\1\ojp_skipcutscenes\0\g_allowBotLimit\0\g_maxBots\1\g_minHumans\2\g_siegeTeam2\none\g_siegeTeam1\none\g_siegeRespawn\20\g_weaponDisable\0\g_forcePowerDisable\0\g_dodgeRegenTime\1000\g_forceRegenTime\500\g_saberanimspeed\1.075\g_saberDamageScale\2\g_jediVmerc\0\g_maxGameClients\0\sv_fps\20\sv_maxclients\8\g_duelWeaponDisable\1\g_forceBasedTeams\0\duel_fraglimit\10\g_saberLocking\1\g_privateDuel\1\timelimit\0\fraglimit\20\dmflags\0\g_siegeTeamSwitch\1\sv_floodProtect\1\sv_maxPing\0\sv_minPing\0\sv_maxRate\0\sv_hostname\*Jedi*\capturelimit\0\version\JAmp: v1.0.1.0 win-x86 Oct 24 2003\g_maxHolocronCarry\3\g_gametype\0\g_needpass\0\protocol\26\mapname\mp/duel4\sv_privateClients\0\sv_allowDownload\0\g_debugMelee\0\g_stepSlideFix\1\g_noSpecMove\0\gamename\Jedi Knight Enhanced 1.0\g_allowNPC\1\g_saberWallDamageScale\0.4\bg_fighterAltControl\0\g_showDuelHealths\0
  0:00 ClientConnect: 0
  0:00 Padawan^7 connected with IP: localhost
  0:00 ClientBegin: 0
  0:33 ShutdownGame:
  0:33 ------------------------------------------------------------
  0:00 ------------------------------------------------------------
  0:00 InitGame: \capturelimit\0\sv_hostname\*Jedi*\sv_maxRate\0\sv_minPing\0\sv_maxPing\0\sv_floodProtect\1\g_siegeTeamSwitch\1\dmflags\0\fraglimit\20\timelimit\0\g_privateDuel\1\g_saberLocking\1\duel_fraglimit\10\g_forceBasedTeams\0\g_duelWeaponDisable\1\sv_maxclients\8\sv_fps\20\g_maxGameClients\0\g_jediVmerc\0\g_saberDamageScale\2\g_saberanimspeed\1.075\g_forceRegenTime\500\g_dodgeRegenTime\1000\g_forcePowerDisable\0\g_weaponDisable\0\g_siegeRespawn\20\g_siegeTeam1\none\g_siegeTeam2\none\g_minHumans\2\g_maxBots\1\g_allowBotLimit\0\ojp_skipcutscenes\0\ojp_allowBodyDodge\1\g_maxForceRank\6\version\JAmp: v1.0.1.0 win-x86 Oct 24 2003\g_maxHolocronCarry\3\g_gametype\0\g_needpass\0\protocol\26\mapname\mp/duel4\sv_privateClients\0\sv_allowDownload\0\g_debugMelee\0\g_stepSlideFix\1\g_noSpecMove\0\gamename\Jedi Knight Enhanced 1.0\g_allowNPC\1\g_saberWallDamageScale\0.4\bg_fighterAltControl\0\g_showDuelHealths\0
  0:00 ClientConnect: 0
  0:00 Padawan^7 connected with IP: localhost
  0:00 ClientBegin: 0
  0:08 ShutdownGame:
  0:08 ------------------------------------------------------------
  0:00 ------------------------------------------------------------
  0:00 InitGame: \g_maxForceRank\6\ojp_allowBodyDodge\1\ojp_skipcutscenes\0\g_allowBotLimit\0\g_maxBots\1\g_minHumans\2\g_siegeTeam2\none\g_siegeTeam1\none\g_siegeRespawn\20\g_weaponDisable\0\g_forcePowerDisable\0\g_dodgeRegenTime\1000\g_forceRegenTime\500\g_saberanimspeed\1.075\g_saberDamageScale\2\g_jediVmerc\0\g_maxGameClients\0\sv_fps\20\sv_maxclients\8\g_duelWeaponDisable\1\g_forceBasedTeams\0\duel_fraglimit\10\g_saberLocking\1\g_privateDuel\1\timelimit\0\fraglimit\20\dmflags\0\g_siegeTeamSwitch\1\sv_floodProtect\1\sv_maxPing\0\sv_minPing\0\sv_maxRate\0\sv_hostname\*Jedi*\capturelimit\0\version\JAmp: v1.0.1.0 win-x86 Oct 24 2003\g_maxHolocronCarry\3\g_gametype\0\g_needpass\0\protocol\26\mapname\mp/ctf3\sv_privateClients\0\sv_allowDownload\0\g_debugMelee\0\g_stepSlideFix\1\g_noSpecMove\0\gamename\Jedi Knight Enhanced 1.0\g_allowNPC\1\g_saberWallDamageScale\0.4\bg_fighterAltControl\0\g_showDuelHealths\0
  0:00 ClientConnect: 0
  0:00 Padawan^7 connected with IP: localhost
  0:00 ClientBegin: 0
  0:08 setteam:  0 SPECTATOR FREE
  0:08 ClientBegin: 0
  1:38 ShutdownGame:
  1:38 ------------------------------------------------------------
  1:38 ------------------------------------------------------------
  1:38 InitGame: \g_maxForceRank\6\ojp_allowBodyDodge\1\ojp_skipcutscenes\0\g_allowBotLimit\0\g_maxBots\1\g_minHumans\2\g_siegeTeam2\none\g_siegeTeam1\none\g_siegeRespawn\20\g_weaponDisable\0\g_forcePowerDisable\0\g_dodgeRegenTime\1000\g_forceRegenTime\500\g_saberanimspeed\1.075\g_saberDamageScale\2\g_jediVmerc\0\g_maxGameClients\0\sv_fps\20\sv_maxclients\8\g_duelWeaponDisable\1\g_forceBasedTeams\0\duel_fraglimit\10\g_saberLocking\1\g_privateDuel\1\timelimit\0\fraglimit\20\dmflags\0\g_siegeTeamSwitch\1\sv_floodProtect\1\sv_maxPing\0\sv_minPing\0\sv_maxRate\0\sv_hostname\*Jedi*\capturelimit\0\version\JAmp: v1.0.1.0 win-x86 Oct 24 2003\g_maxHolocronCarry\3\g_gametype\0\g_needpass\0\protocol\26\mapname\mp/ffa1\sv_privateClients\0\sv_allowDownload\0\bot_minplayers\0\g_debugMelee\0\g_stepSlideFix\1\g_noSpecMove\0\gamename\Jedi Knight Enhanced 1.0\g_allowNPC\1\g_saberWallDamageScale\0.4\bg_fighterAltControl\0\g_showDuelHealths\0
  1:39 ClientConnect: 0
  1:39 Padawan^7 connected with IP: 
  1:39 ShutdownGame:
  1:39 ------------------------------------------------------------
  0:00 ------------------------------------------------------------
  0:00 InitGame: \g_maxForceRank\6\ojp_allowBodyDodge\1\ojp_skipcutscenes\0\g_allowBotLimit\0\g_maxBots\1\g_minHumans\2\g_siegeTeam2\none\g_siegeTeam1\none\g_siegeRespawn\20\g_weaponDisable\0\g_forcePowerDisable\0\g_dodgeRegenTime\1000\g_forceRegenTime\500\g_saberanimspeed\1.075\g_saberDamageScale\2\g_jediVmerc\0\g_maxGameClients\0\sv_fps\20\sv_maxclients\8\g_duelWeaponDisable\1\g_forceBasedTeams\0\duel_fraglimit\10\g_saberLocking\1\g_privateDuel\1\timelimit\0\fraglimit\20\dmflags\0\g_siegeTeamSwitch\1\sv_floodProtect\1\sv_maxPing\0\sv_minPing\0\sv_maxRate\0\sv_hostname\*Jedi*\capturelimit\0\version\JAmp: v1.0.1.0 win-x86 Oct 24 2003\g_maxHolocronCarry\3\g_gametype\0\g_needpass\0\protocol\26\mapname\mp/ffa1\sv_privateClients\0\sv_allowDownload\0\bot_minplayers\0\g_debugMelee\0\g_stepSlideFix\1\g_noSpecMove\0\gamename\Jedi Knight Enhanced 1.0\g_allowNPC\1\g_saberWallDamageScale\0.4\bg_fighterAltControl\0\g_showDuelHealths\0
  0:00 ClientConnect: 0
  0:00 Padawan^7 connected with IP: localhost
  0:00 ClientBegin: 0
  2:06 ShutdownGame:
  2:06 ------------------------------------------------------------
