Build started 23-06-2011 23:47:53.
     1>Project "D:\OJP\Enhanced\source\ui\ui.vcxproj" on node 4 (build target(s)).
     1>InitializeBuildStatus:
         Creating ".\../Debug/ui\ui.unsuccessfulbuild" because "AlwaysCreate" was specified.
       ClCompile:
         All outputs are up-to-date.
       ManifestResourceCompile:
         All outputs are up-to-date.
     1>C:\Program Files\MSBuild\Microsoft.Cpp\v4.0\Microsoft.CppBuild.targets(990,5): warning MSB8012: TargetPath(D:\OJP\Enhanced\source\ui\.\../Debug/ui\ui.dll) does not match the Linker's OutputFile property value (D:\OJP\Enhanced\jke\uix86.dll). This may cause your project to build incorrectly. To correct this, please make sure that $(OutDir), $(TargetName) and $(TargetExt) property values match the value specified in %(Link.OutputFile).
     1>C:\Program Files\MSBuild\Microsoft.Cpp\v4.0\Microsoft.CppBuild.targets(992,5): warning MSB8012: TargetName(ui) does not match the Linker's OutputFile property value (uix86). This may cause your project to build incorrectly. To correct this, please make sure that $(OutDir), $(TargetName) and $(TargetExt) property values match the value specified in %(Link.OutputFile).
       Link:
         All outputs are up-to-date.
       Manifest:
         All outputs are up-to-date.
       BscMake:
         All outputs are up-to-date.
       FinalizeBuildStatus:
         Deleting file ".\../Debug/ui\ui.unsuccessfulbuild".
         Touching ".\../Debug/ui\ui.lastbuildstate".
     1>Done Building Project "D:\OJP\Enhanced\source\ui\ui.vcxproj" (build target(s)).

Build succeeded.

Time Elapsed 00:00:00.12
